sample.interval=100000
"length" "length" "rollapply.zoo" "rollapply" "FUN" "lapply" "do.call" "rollapply.zoo" "rollapply" "coredata" "rollapply.default" "rollapply" 
"[.zoo" "[" "na.fill.zoo" "na.fill" "rollapply.zoo" "rollapply" "FUN" "lapply" "do.call" "rollapply.zoo" "rollapply" "coredata" "rollapply.default" "rollapply" 
"vapply" "pmax" "unique" "na.fill.zoo" "na.fill" "rollapply.zoo" "rollapply" "FUN" "lapply" "do.call" "rollapply.zoo" "rollapply" "coredata" "rollapply.default" "rollapply" 
"match.arg" "rollapply.zoo" "rollapply" "FUN" "lapply" "do.call" "rollapply.zoo" "rollapply" "coredata" "rollapply.default" "rollapply" 
"order" "ORDER.default" "ORDER" "zoo" "rollapply.zoo" "rollapply" "FUN" "lapply" "do.call" "rollapply.zoo" "rollapply" "coredata" "rollapply.default" "rollapply" 
"max" "rollapply.zoo" "rollapply" "FUN" "lapply" "do.call" "rollapply.zoo" "rollapply" "coredata" "rollapply.default" "rollapply" 
"lapply" "sapply" "rollapply.zoo" "rollapply" "FUN" "lapply" "do.call" "rollapply.zoo" "rollapply" "coredata" "rollapply.default" "rollapply" 
"geo_return" "FUN" "<Anonymous>" "mapply" "rollapply.zoo" "rollapply" "FUN" "lapply" "do.call" "rollapply.zoo" "rollapply" "coredata" "rollapply.default" "rollapply" 
"min" "FUN" "<Anonymous>" "mapply" "rollapply.zoo" "rollapply" "FUN" "lapply" "do.call" "rollapply.zoo" "rollapply" "coredata" "rollapply.default" "rollapply" 
"match" "MATCH.default" "MATCH" "unique" "zoo" "[.zoo" "[" "na.fill.zoo" "na.fill" "rollapply.zoo" "rollapply" "FUN" "lapply" "do.call" "rollapply.zoo" "rollapply" "coredata" "rollapply.default" "rollapply" 
"nrow" "FUN" "lapply" "sapply" "rollapply.zoo" "rollapply" "FUN" "lapply" "do.call" "rollapply.zoo" "rollapply" "coredata" "rollapply.default" "rollapply" 
"seq.default" "seq" "na.fill.zoo" "na.fill" "rollapply.zoo" "rollapply" "FUN" "lapply" "do.call" "rollapply.zoo" "rollapply" "coredata" "rollapply.default" "rollapply" 
"mapply" "rollapply.zoo" "rollapply" "FUN" "lapply" "do.call" "rollapply.zoo" "rollapply" "coredata" "rollapply.default" "rollapply" 
"<Anonymous>" "mapply" "rollapply.zoo" "rollapply" "FUN" "lapply" "do.call" "rollapply.zoo" "rollapply" "coredata" "rollapply.default" "rollapply" 
"FUN" "<Anonymous>" "mapply" "rollapply.zoo" "rollapply" "FUN" "lapply" "do.call" "rollapply.zoo" "rollapply" "coredata" "rollapply.default" "rollapply" 
"max" "FUN" "<Anonymous>" "mapply" "rollapply.zoo" "rollapply" "FUN" "lapply" "do.call" "rollapply.zoo" "rollapply" "coredata" "rollapply.default" "rollapply" 
"length" "NROW" "<Anonymous>" "mapply" "rollapply.zoo" "rollapply" "FUN" "lapply" "do.call" "rollapply.zoo" "rollapply" "coredata" "rollapply.default" "rollapply" 
"coredata" "rollapply.zoo" "rollapply" "FUN" "lapply" "do.call" "rollapply.zoo" "rollapply" "coredata" "rollapply.default" "rollapply" 
"attr" "coredata.zoo" "coredata" "na.fill.zoo" "na.fill" "rollapply.zoo" "rollapply" "FUN" "lapply" "do.call" "rollapply.zoo" "rollapply" "coredata" "rollapply.default" "rollapply" 
"index" "MATCH" "unique" "zoo" "rollapply.zoo" "rollapply" "FUN" "lapply" "do.call" "rollapply.zoo" "rollapply" "coredata" "rollapply.default" "rollapply" 
"geo_return" "FUN" "<Anonymous>" "mapply" "rollapply.zoo" "rollapply" "FUN" "lapply" "do.call" "rollapply.zoo" "rollapply" "coredata" "rollapply.default" "rollapply" 
"checkHT" "tail.default" "tail" "na.fill.zoo" "na.fill" "rollapply.zoo" "rollapply" "FUN" "lapply" "do.call" "rollapply.zoo" "rollapply" "coredata" "rollapply.default" "rollapply" 
"geo_return" "FUN" "<Anonymous>" "mapply" "rollapply.zoo" "rollapply" "FUN" "lapply" "do.call" "rollapply.zoo" "rollapply" "coredata" "rollapply.default" "rollapply" 
"mapply" "rollapply.zoo" "rollapply" "FUN" "lapply" "do.call" "rollapply.zoo" "rollapply" "coredata" "rollapply.default" "rollapply" 
"<Anonymous>" "mapply" "rollapply.zoo" "rollapply" "FUN" "lapply" "do.call" "rollapply.zoo" "rollapply" "coredata" "rollapply.default" "rollapply" 
"unique.default" "unique" "zoo" "[.zoo" "[" "rollapply" "FUN" "lapply" "do.call" "rollapply.zoo" "rollapply" "coredata" "rollapply.default" "rollapply" 
"seq.default" "seq" "FUN" "lapply" "rollapply.zoo" "rollapply" "FUN" "lapply" "do.call" "rollapply.zoo" "rollapply" "coredata" "rollapply.default" "rollapply" 
"mapply" "rollapply.zoo" "rollapply" "FUN" "lapply" "do.call" "rollapply.zoo" "rollapply" "coredata" "rollapply.default" "rollapply" 
"duplicated.default" "duplicated" "setdiff" "na.fill.zoo" "na.fill" "rollapply.zoo" "rollapply" "FUN" "lapply" "do.call" "rollapply.zoo" "rollapply" "coredata" "rollapply.default" "rollapply" 
"max" "FUN" "<Anonymous>" "mapply" "rollapply.zoo" "rollapply" "FUN" "lapply" "do.call" "rollapply.zoo" "rollapply" "coredata" "rollapply.default" "rollapply" 
"intersect" "as.vector" "setdiff" "na.fill.zoo" "na.fill" "rollapply.zoo" "rollapply" "FUN" "lapply" "do.call" "rollapply.zoo" "rollapply" "coredata" "rollapply.default" "rollapply" 
"unique.default" "unique" "zoo" "[.zoo" "[" "na.fill.zoo" "na.fill" "rollapply.zoo" "rollapply" "FUN" "lapply" "do.call" "rollapply.zoo" "rollapply" "coredata" "rollapply.default" "rollapply" 
"lapply" "sapply" "rollapply.zoo" "rollapply" "FUN" "lapply" "do.call" "rollapply.zoo" "rollapply" "coredata" "rollapply.default" "rollapply" 
"lapply" "sapply" "rollapply.zoo" "rollapply" "FUN" "lapply" "do.call" "rollapply.zoo" "rollapply" "coredata" "rollapply.default" "rollapply" 
"intersect" "as.vector" "setdiff" "na.fill.zoo" "na.fill" "rollapply.zoo" "rollapply" "FUN" "lapply" "do.call" "rollapply.zoo" "rollapply" "coredata" "rollapply.default" "rollapply" 
"all" "<Anonymous>" "mapply" "rollapply.zoo" "rollapply" "FUN" "lapply" "do.call" "rollapply.zoo" "rollapply" "coredata" "rollapply.default" "rollapply" 
"%in%" "is.plain" "merge.zoo" "<Anonymous>" "do.call" "rollapply.zoo" "rollapply" "coredata" "rollapply.default" "rollapply" 
"deparse" "FUN" "lapply" "sapply" "makeNames" "merge.zoo" "<Anonymous>" "do.call" "rollapply.zoo" "rollapply" "coredata" "rollapply.default" "rollapply" 
"deparse" "FUN" "lapply" "sapply" "makeNames" "merge.zoo" "<Anonymous>" "do.call" "rollapply.zoo" "rollapply" "coredata" "rollapply.default" "rollapply" 
".deparseOpts" "deparse" "FUN" "lapply" "sapply" "makeNames" "merge.zoo" "<Anonymous>" "do.call" "rollapply.zoo" "rollapply" "coredata" "rollapply.default" "rollapply" 
"unique" "FUN" "lapply" "sapply" "merge.zoo" "<Anonymous>" "do.call" "rollapply.zoo" "rollapply" "coredata" "rollapply.default" "rollapply" 
"c" "MATCH" "sort.unique" "merge.zoo" "<Anonymous>" "do.call" "rollapply.zoo" "rollapply" "coredata" "rollapply.default" "rollapply" 
"match" "MATCH.default" "MATCH" "unique" "zoo" "[.zoo" "[" "FUN" "lapply" "merge.zoo" "<Anonymous>" "do.call" "rollapply.zoo" "rollapply" "coredata" "rollapply.default" "rollapply" 
"matrix" "FUN" "lapply" "merge.zoo" "<Anonymous>" "do.call" "rollapply.zoo" "rollapply" "coredata" "rollapply.default" "rollapply" 
"MATCH" "match0" "FUN" "lapply" "merge.zoo" "<Anonymous>" "do.call" "rollapply.zoo" "rollapply" "coredata" "rollapply.default" "rollapply" 
"index" "MATCH" "unique" "zoo" "[.zoo" "[" "FUN" "lapply" "merge.zoo" "<Anonymous>" "do.call" "rollapply.zoo" "rollapply" "coredata" "rollapply.default" "rollapply" 
